<?xml version="1.0" encoding="UTF-8"?>
<!-- Generated by org.testng.reporters.JUnitReportReporter -->
<testsuite hostname="DESKTOP-CACE2HB" failures="0" tests="1" name="scenarios.HomePageTest" time="18.564" errors="0" timestamp="2021-07-14T22:12:17 IST" skipped="0">
  <testcase classname="scenarios.HomePageTest" name="requestQuoteTest" time="18.564"/>
  <system-out/>
</testsuite> <!-- scenarios.HomePageTest -->
