<?xml version="1.0" encoding="UTF-8"?>
<!-- Generated by org.testng.reporters.JUnitReportReporter -->
<testsuite hostname="DESKTOP-CACE2HB" failures="0" tests="1" name="scenarios.LoginPageTest" time="8.905" errors="0" timestamp="2021-07-14T21:47:54 IST" skipped="0">
  <testcase classname="scenarios.LoginPageTest" name="loginTest" time="8.905"/>
  <system-out/>
</testsuite> <!-- scenarios.LoginPageTest -->
