<?xml version="1.0" encoding="UTF-8"?>
<!-- Generated by org.testng.reporters.JUnitReportReporter -->
<testsuite hostname="DESKTOP-CACE2HB" failures="0" tests="4" name="insurancetests.InsuranceTests" time="5.357" errors="0" timestamp="2021-07-14T18:08:58 IST" skipped="3">
  <testcase classname="insurancetests.InsuranceTests" name="invalidLogin" time="5.357"/>
  <system-out/>
  <testcase classname="insurancetests.InsuranceTests" name="loginTest">
    <skipped/>
  </testcase> <!-- loginTest -->
  <system-out/>
  <testcase classname="insurancetests.InsuranceTests" name="requestQuoteTest">
    <skipped/>
  </testcase> <!-- requestQuoteTest -->
  <system-out/>
  <testcase classname="insurancetests.InsuranceTests" name="loginAndlogout">
    <skipped/>
  </testcase> <!-- loginAndlogout -->
  <system-out/>
</testsuite> <!-- insurancetests.InsuranceTests -->
